Determining if the pthread_create exist failed with the following output:
Change Dir: /home/charlie/Documents/Two-i/darknet_pj/release/CMakeFiles/CMakeTmp

Run Build Command:"/usr/bin/make" "cmTC_4b1df/fast"
/usr/bin/make -f CMakeFiles/cmTC_4b1df.dir/build.make CMakeFiles/cmTC_4b1df.dir/build
make[1] : on entre dans le répertoire « /home/charlie/Documents/Two-i/darknet_pj/release/CMakeFiles/CMakeTmp »
Building C object CMakeFiles/cmTC_4b1df.dir/CheckSymbolExists.c.o
/usr/bin/gcc-7   -fPIC    -o CMakeFiles/cmTC_4b1df.dir/CheckSymbolExists.c.o   -c /home/charlie/Documents/Two-i/darknet_pj/release/CMakeFiles/CMakeTmp/CheckSymbolExists.c
Linking C executable cmTC_4b1df
/usr/bin/cmake -E cmake_link_script CMakeFiles/cmTC_4b1df.dir/link.txt --verbose=1
/usr/bin/gcc-7 -fPIC     CMakeFiles/cmTC_4b1df.dir/CheckSymbolExists.c.o  -o cmTC_4b1df 
/usr/bin/ld: CMakeFiles/cmTC_4b1df.dir/CheckSymbolExists.c.o: in function `main':
CheckSymbolExists.c:(.text+0x1b): undefined reference to `pthread_create'
collect2: error: ld a retourné le statut de sortie 1
make[1]: *** [CMakeFiles/cmTC_4b1df.dir/build.make:87: cmTC_4b1df] Error 1
make[1] : on quitte le répertoire « /home/charlie/Documents/Two-i/darknet_pj/release/CMakeFiles/CMakeTmp »
make: *** [Makefile:121: cmTC_4b1df/fast] Error 2

File /home/charlie/Documents/Two-i/darknet_pj/release/CMakeFiles/CMakeTmp/CheckSymbolExists.c:
/* */
#include <pthread.h>

int main(int argc, char** argv)
{
  (void)argv;
#ifndef pthread_create
  return ((int*)(&pthread_create))[argc];
#else
  (void)argc;
  return 0;
#endif
}

Determining if the function pthread_create exists in the pthreads failed with the following output:
Change Dir: /home/charlie/Documents/Two-i/darknet_pj/release/CMakeFiles/CMakeTmp

Run Build Command:"/usr/bin/make" "cmTC_e1646/fast"
/usr/bin/make -f CMakeFiles/cmTC_e1646.dir/build.make CMakeFiles/cmTC_e1646.dir/build
make[1] : on entre dans le répertoire « /home/charlie/Documents/Two-i/darknet_pj/release/CMakeFiles/CMakeTmp »
Building C object CMakeFiles/cmTC_e1646.dir/CheckFunctionExists.c.o
/usr/bin/gcc-7   -fPIC -DCHECK_FUNCTION_EXISTS=pthread_create   -o CMakeFiles/cmTC_e1646.dir/CheckFunctionExists.c.o   -c /usr/share/cmake-3.12/Modules/CheckFunctionExists.c
Linking C executable cmTC_e1646
/usr/bin/cmake -E cmake_link_script CMakeFiles/cmTC_e1646.dir/link.txt --verbose=1
/usr/bin/gcc-7 -fPIC -DCHECK_FUNCTION_EXISTS=pthread_create    CMakeFiles/cmTC_e1646.dir/CheckFunctionExists.c.o  -o cmTC_e1646 -lpthreads 
/usr/bin/ld : ne peut trouver -lpthreads
collect2: error: ld a retourné le statut de sortie 1
make[1]: *** [CMakeFiles/cmTC_e1646.dir/build.make:87: cmTC_e1646] Error 1
make[1] : on quitte le répertoire « /home/charlie/Documents/Two-i/darknet_pj/release/CMakeFiles/CMakeTmp »
make: *** [Makefile:121: cmTC_e1646/fast] Error 2


